29-Oct-2022 19:39:54.275 INFORMACIÓN [main] org.apache.catalina.startup.VersionLoggerListener.log Nombre de la versión del servidor: Apache Tomcat/9.0.68
29-Oct-2022 19:39:54.281 INFORMACIÓN [main] org.apache.catalina.startup.VersionLoggerListener.log Server built:                      Oct 3 2022 19:06:10 UTC
29-Oct-2022 19:39:54.282 INFORMACIÓN [main] org.apache.catalina.startup.VersionLoggerListener.log Número de versión de servidor:     9.0.68.0
29-Oct-2022 19:39:54.282 INFORMACIÓN [main] org.apache.catalina.startup.VersionLoggerListener.log OS Name:                           Windows 10
29-Oct-2022 19:39:54.282 INFORMACIÓN [main] org.apache.catalina.startup.VersionLoggerListener.log Versión de Systema Operativo:      10.0
29-Oct-2022 19:39:54.282 INFORMACIÓN [main] org.apache.catalina.startup.VersionLoggerListener.log Arquitectura:                      amd64
29-Oct-2022 19:39:54.282 INFORMACIÓN [main] org.apache.catalina.startup.VersionLoggerListener.log Java Home:                         D:\Program Files\Java\jdk1.8.0_271\jre
29-Oct-2022 19:39:54.282 INFORMACIÓN [main] org.apache.catalina.startup.VersionLoggerListener.log JVM Version:                       1.8.0_271-b09
29-Oct-2022 19:39:54.283 INFORMACIÓN [main] org.apache.catalina.startup.VersionLoggerListener.log Vededor JVM:                       Oracle Corporation
29-Oct-2022 19:39:54.283 INFORMACIÓN [main] org.apache.catalina.startup.VersionLoggerListener.log CATALINA_BASE:                     C:\Users\Administrador\OneDrive\Documentos\EjercicioWEB\EjercicioWEB-1\Tomcat\apache-tomcat-9.0.68
29-Oct-2022 19:39:54.283 INFORMACIÓN [main] org.apache.catalina.startup.VersionLoggerListener.log CATALINA_HOME:                     C:\Users\Administrador\OneDrive\Documentos\EjercicioWEB\EjercicioWEB-1\Tomcat\apache-tomcat-9.0.68
29-Oct-2022 19:39:54.323 INFORMACIÓN [main] org.apache.catalina.startup.VersionLoggerListener.log Command line argument:             -Djava.util.logging.config.file=C:\Users\Administrador\OneDrive\Documentos\EjercicioWEB\EjercicioWEB-1\Tomcat\apache-tomcat-9.0.68\conf\logging.properties
29-Oct-2022 19:39:54.324 INFORMACIÓN [main] org.apache.catalina.startup.VersionLoggerListener.log Command line argument:             -Djava.util.logging.manager=org.apache.juli.ClassLoaderLogManager
29-Oct-2022 19:39:54.324 INFORMACIÓN [main] org.apache.catalina.startup.VersionLoggerListener.log Command line argument:             -Dhttp.nonProxyHosts=localhost|127.0.0.1|PC-ANDRES
29-Oct-2022 19:39:54.324 INFORMACIÓN [main] org.apache.catalina.startup.VersionLoggerListener.log Command line argument:             -Djdk.tls.ephemeralDHKeySize=2048
29-Oct-2022 19:39:54.325 INFORMACIÓN [main] org.apache.catalina.startup.VersionLoggerListener.log Command line argument:             -Djava.protocol.handler.pkgs=org.apache.catalina.webresources
29-Oct-2022 19:39:54.325 INFORMACIÓN [main] org.apache.catalina.startup.VersionLoggerListener.log Command line argument:             -Dignore.endorsed.dirs=
29-Oct-2022 19:39:54.325 INFORMACIÓN [main] org.apache.catalina.startup.VersionLoggerListener.log Command line argument:             -Dcatalina.base=C:\Users\Administrador\OneDrive\Documentos\EjercicioWEB\EjercicioWEB-1\Tomcat\apache-tomcat-9.0.68
29-Oct-2022 19:39:54.325 INFORMACIÓN [main] org.apache.catalina.startup.VersionLoggerListener.log Command line argument:             -Dcatalina.home=C:\Users\Administrador\OneDrive\Documentos\EjercicioWEB\EjercicioWEB-1\Tomcat\apache-tomcat-9.0.68
29-Oct-2022 19:39:54.326 INFORMACIÓN [main] org.apache.catalina.startup.VersionLoggerListener.log Command line argument:             -Djava.io.tmpdir=C:\Users\Administrador\OneDrive\Documentos\EjercicioWEB\EjercicioWEB-1\Tomcat\apache-tomcat-9.0.68\temp
29-Oct-2022 19:39:54.332 INFORMACIÓN [main] org.apache.catalina.core.AprLifecycleListener.lifecycleEvent Cargada la biblioteca nativa APR de Apache Tomcat [1.2.35] con la versión APR [1.7.0].
29-Oct-2022 19:39:54.333 INFORMACIÓN [main] org.apache.catalina.core.AprLifecycleListener.lifecycleEvent Capacidades APR: IPv6 [true], enviar fichero [true], aceptar filtros [false], aleatorio [true], UDS [true].
29-Oct-2022 19:39:54.450 INFORMACIÓN [main] org.apache.catalina.core.AprLifecycleListener.lifecycleEvent APR/OpenSSL configuration: useAprConnector [false], useOpenSSL [true]
29-Oct-2022 19:39:54.464 INFORMACIÓN [main] org.apache.catalina.core.AprLifecycleListener.initializeSSL OpenSSL inicializado correctamente [OpenSSL 1.1.1q  5 Jul 2022]
29-Oct-2022 19:39:56.001 INFORMACIÓN [main] org.apache.coyote.AbstractProtocol.init Inicializando el manejador de protocolo ["http-nio-8080"]

29-Oct-2022 19:39:56.164 INFORMACIÓN [main] org.apache.catalina.startup.Catalina.load Server initialization in [2572] milliseconds
29-Oct-2022 19:39:56.279 INFORMACIÓN [main] org.apache.catalina.core.StandardService.startInternal Arrancando servicio [Catalina]
29-Oct-2022 19:39:56.280 INFORMACIÓN [main] org.apache.catalina.core.StandardEngine.startInternal Starting Servlet engine: [Apache Tomcat/9.0.68]
29-Oct-2022 19:39:56.307 INFORMACIÓN [main] org.apache.catalina.startup.HostConfig.deployDirectory Desplegando el directorio [C:\Users\Administrador\OneDrive\Documentos\EjercicioWEB\EjercicioWEB-1\Tomcat\apache-tomcat-9.0.68\webapps\docs] de la aplicación web
29-Oct-2022 19:39:57.543 ADVERTENCIA [main] org.apache.catalina.util.SessionIdGeneratorBase.createSecureRandom Creation of SecureRandom instance for session ID generation using [SHA1PRNG] took [573] milliseconds.
29-Oct-2022 19:39:57.602 INFORMACIÓN [main] org.apache.catalina.startup.HostConfig.deployDirectory Deployment of web application directory [C:\Users\Administrador\OneDrive\Documentos\EjercicioWEB\EjercicioWEB-1\Tomcat\apache-tomcat-9.0.68\webapps\docs] has finished in [1.295] ms
29-Oct-2022 19:39:57.603 INFORMACIÓN [main] org.apache.catalina.startup.HostConfig.deployDirectory Desplegando el directorio [C:\Users\Administrador\OneDrive\Documentos\EjercicioWEB\EjercicioWEB-1\Tomcat\apache-tomcat-9.0.68\webapps\examples] de la aplicación web
29-Oct-2022 19:39:58.949 INFORMACIÓN [main] org.apache.catalina.startup.HostConfig.deployDirectory Deployment of web application directory [C:\Users\Administrador\OneDrive\Documentos\EjercicioWEB\EjercicioWEB-1\Tomcat\apache-tomcat-9.0.68\webapps\examples] has finished in [1.346] ms
29-Oct-2022 19:39:58.953 INFORMACIÓN [main] org.apache.catalina.startup.HostConfig.deployDirectory Desplegando el directorio [C:\Users\Administrador\OneDrive\Documentos\EjercicioWEB\EjercicioWEB-1\Tomcat\apache-tomcat-9.0.68\webapps\host-manager] de la aplicación web
29-Oct-2022 19:39:59.129 INFORMACIÓN [main] org.apache.catalina.startup.HostConfig.deployDirectory Deployment of web application directory [C:\Users\Administrador\OneDrive\Documentos\EjercicioWEB\EjercicioWEB-1\Tomcat\apache-tomcat-9.0.68\webapps\host-manager] has finished in [176] ms
29-Oct-2022 19:39:59.131 INFORMACIÓN [main] org.apache.catalina.startup.HostConfig.deployDirectory Desplegando el directorio [C:\Users\Administrador\OneDrive\Documentos\EjercicioWEB\EjercicioWEB-1\Tomcat\apache-tomcat-9.0.68\webapps\manager] de la aplicación web
29-Oct-2022 19:39:59.215 INFORMACIÓN [main] org.apache.catalina.startup.HostConfig.deployDirectory Deployment of web application directory [C:\Users\Administrador\OneDrive\Documentos\EjercicioWEB\EjercicioWEB-1\Tomcat\apache-tomcat-9.0.68\webapps\manager] has finished in [85] ms
29-Oct-2022 19:39:59.216 INFORMACIÓN [main] org.apache.catalina.startup.HostConfig.deployDirectory Desplegando el directorio [C:\Users\Administrador\OneDrive\Documentos\EjercicioWEB\EjercicioWEB-1\Tomcat\apache-tomcat-9.0.68\webapps\ROOT] de la aplicación web
29-Oct-2022 19:39:59.283 INFORMACIÓN [main] org.apache.catalina.startup.HostConfig.deployDirectory Deployment of web application directory [C:\Users\Administrador\OneDrive\Documentos\EjercicioWEB\EjercicioWEB-1\Tomcat\apache-tomcat-9.0.68\webapps\ROOT] has finished in [66] ms
29-Oct-2022 19:39:59.292 INFORMACIÓN [main] org.apache.coyote.AbstractProtocol.start Starting ProtocolHandler ["http-nio-8080"]
29-Oct-2022 19:39:59.531 INFORMACIÓN [main] org.apache.catalina.startup.Catalina.start Server startup in [3367] milliseconds
29-Oct-2022 19:45:35.718 INFORMACIÓN [http-nio-8080-exec-10] org.apache.catalina.startup.HostConfig.deployDescriptor Desplieque del descriptor de configuración [C:\Users\Administrador\OneDrive\Documentos\EjercicioWEB\EjercicioWEB-1\Tomcat\apache-tomcat-9.0.68\conf\Catalina\localhost\EjercicioWEB1.xml]
29-Oct-2022 19:45:35.718 ADVERTENCIA [http-nio-8080-exec-10] org.apache.catalina.startup.HostConfig.deployDescriptor The path attribute with value [/EjercicioWEB1] in deployment descriptor [C:\Users\Administrador\OneDrive\Documentos\EjercicioWEB\EjercicioWEB-1\Tomcat\apache-tomcat-9.0.68\conf\Catalina\localhost\EjercicioWEB1.xml] has been ignored
29-Oct-2022 19:45:36.796 INFORMACIÓN [http-nio-8080-exec-10] org.apache.jasper.servlet.TldScanner.scanJars Al menos un JAR, que se ha explorado buscando TLDs, aún no contenía TLDs. Activar historial de depuración para este historiador para una completa lista de los JARs que fueron explorados y de los que nos se halló TLDs. Saltarse JARs no necesarios durante la exploración puede dar lugar a una mejora de tiempo significativa en el arranque y compilación de JSP .
29-Oct-2022 19:45:36.874 INFORMACIÓN [http-nio-8080-exec-10] org.apache.catalina.startup.HostConfig.deployDescriptor Deployment of deployment descriptor [C:\Users\Administrador\OneDrive\Documentos\EjercicioWEB\EjercicioWEB-1\Tomcat\apache-tomcat-9.0.68\conf\Catalina\localhost\EjercicioWEB1.xml] has finished in [1.156] ms
29-Oct-2022 19:45:36.890 INFORMACIÓN [http-nio-8080-exec-1] org.apache.catalina.util.LifecycleBase.start The start() method was called on component [StandardEngine[Catalina].StandardHost[localhost].StandardContext[/EjercicioWEB1]] after start() had already been called. The second call will be ignored.
29-Oct-2022 19:45:39.249 INFORMACIÓN [http-nio-8080-exec-7] org.apache.catalina.core.StandardContext.reload Ha comenzado la recarga de Contexto [/EjercicioWEB1]
29-Oct-2022 19:45:39.763 INFORMACIÓN [http-nio-8080-exec-7] org.apache.jasper.servlet.TldScanner.scanJars Al menos un JAR, que se ha explorado buscando TLDs, aún no contenía TLDs. Activar historial de depuración para este historiador para una completa lista de los JARs que fueron explorados y de los que nos se halló TLDs. Saltarse JARs no necesarios durante la exploración puede dar lugar a una mejora de tiempo significativa en el arranque y compilación de JSP .
29-Oct-2022 19:45:39.778 INFORMACIÓN [http-nio-8080-exec-7] org.apache.catalina.core.StandardContext.reload Se ha completado la recarga de este Contexto
29-Oct-2022 20:09:37.781 INFORMACIÓN [http-nio-8080-exec-11] org.apache.catalina.startup.HostConfig.undeploy Repliegue (undeploy) de la aplicación web que tiene como trayectoria de contexto [/EjercicioWEB1]
29-Oct-2022 20:09:37.859 INFORMACIÓN [http-nio-8080-exec-14] org.apache.catalina.startup.HostConfig.deployDescriptor Desplieque del descriptor de configuración [C:\Users\Administrador\OneDrive\Documentos\EjercicioWEB\EjercicioWEB-1\Tomcat\apache-tomcat-9.0.68\conf\Catalina\localhost\EjercicioWEB1.xml]
29-Oct-2022 20:09:37.859 ADVERTENCIA [http-nio-8080-exec-14] org.apache.catalina.startup.HostConfig.deployDescriptor The path attribute with value [/EjercicioWEB1] in deployment descriptor [C:\Users\Administrador\OneDrive\Documentos\EjercicioWEB\EjercicioWEB-1\Tomcat\apache-tomcat-9.0.68\conf\Catalina\localhost\EjercicioWEB1.xml] has been ignored
29-Oct-2022 20:09:39.542 INFORMACIÓN [http-nio-8080-exec-14] org.apache.jasper.servlet.TldScanner.scanJars Al menos un JAR, que se ha explorado buscando TLDs, aún no contenía TLDs. Activar historial de depuración para este historiador para una completa lista de los JARs que fueron explorados y de los que nos se halló TLDs. Saltarse JARs no necesarios durante la exploración puede dar lugar a una mejora de tiempo significativa en el arranque y compilación de JSP .
29-Oct-2022 20:09:39.553 INFORMACIÓN [http-nio-8080-exec-14] org.apache.catalina.startup.HostConfig.deployDescriptor Deployment of deployment descriptor [C:\Users\Administrador\OneDrive\Documentos\EjercicioWEB\EjercicioWEB-1\Tomcat\apache-tomcat-9.0.68\conf\Catalina\localhost\EjercicioWEB1.xml] has finished in [1.709] ms
29-Oct-2022 20:09:39.558 INFORMACIÓN [http-nio-8080-exec-17] org.apache.catalina.util.LifecycleBase.start The start() method was called on component [StandardEngine[Catalina].StandardHost[localhost].StandardContext[/EjercicioWEB1]] after start() had already been called. The second call will be ignored.
29-Oct-2022 20:10:22.115 INFORMACIÓN [http-nio-8080-exec-24] org.apache.catalina.startup.HostConfig.undeploy Repliegue (undeploy) de la aplicación web que tiene como trayectoria de contexto [/EjercicioWEB1]
29-Oct-2022 20:10:22.178 INFORMACIÓN [http-nio-8080-exec-20] org.apache.catalina.startup.HostConfig.deployDescriptor Desplieque del descriptor de configuración [C:\Users\Administrador\OneDrive\Documentos\EjercicioWEB\EjercicioWEB-1\Tomcat\apache-tomcat-9.0.68\conf\Catalina\localhost\EjercicioWEB1.xml]
29-Oct-2022 20:10:22.178 ADVERTENCIA [http-nio-8080-exec-20] org.apache.catalina.startup.HostConfig.deployDescriptor The path attribute with value [/EjercicioWEB1] in deployment descriptor [C:\Users\Administrador\OneDrive\Documentos\EjercicioWEB\EjercicioWEB-1\Tomcat\apache-tomcat-9.0.68\conf\Catalina\localhost\EjercicioWEB1.xml] has been ignored
29-Oct-2022 20:10:23.353 INFORMACIÓN [http-nio-8080-exec-20] org.apache.jasper.servlet.TldScanner.scanJars Al menos un JAR, que se ha explorado buscando TLDs, aún no contenía TLDs. Activar historial de depuración para este historiador para una completa lista de los JARs que fueron explorados y de los que nos se halló TLDs. Saltarse JARs no necesarios durante la exploración puede dar lugar a una mejora de tiempo significativa en el arranque y compilación de JSP .
29-Oct-2022 20:10:23.353 INFORMACIÓN [http-nio-8080-exec-20] org.apache.catalina.startup.HostConfig.deployDescriptor Deployment of deployment descriptor [C:\Users\Administrador\OneDrive\Documentos\EjercicioWEB\EjercicioWEB-1\Tomcat\apache-tomcat-9.0.68\conf\Catalina\localhost\EjercicioWEB1.xml] has finished in [1.175] ms
29-Oct-2022 20:10:23.369 INFORMACIÓN [http-nio-8080-exec-22] org.apache.catalina.util.LifecycleBase.start The start() method was called on component [StandardEngine[Catalina].StandardHost[localhost].StandardContext[/EjercicioWEB1]] after start() had already been called. The second call will be ignored.
29-Oct-2022 20:10:31.937 INFORMACIÓN [http-nio-8080-exec-28] org.apache.catalina.startup.HostConfig.undeploy Repliegue (undeploy) de la aplicación web que tiene como trayectoria de contexto [/EjercicioWEB1]
29-Oct-2022 20:10:32.452 INFORMACIÓN [http-nio-8080-exec-29] org.apache.catalina.startup.HostConfig.deployDescriptor Desplieque del descriptor de configuración [C:\Users\Administrador\OneDrive\Documentos\EjercicioWEB\EjercicioWEB-1\Tomcat\apache-tomcat-9.0.68\conf\Catalina\localhost\EjercicioWEB1.xml]
29-Oct-2022 20:10:32.452 ADVERTENCIA [http-nio-8080-exec-29] org.apache.catalina.startup.HostConfig.deployDescriptor The path attribute with value [/EjercicioWEB1] in deployment descriptor [C:\Users\Administrador\OneDrive\Documentos\EjercicioWEB\EjercicioWEB-1\Tomcat\apache-tomcat-9.0.68\conf\Catalina\localhost\EjercicioWEB1.xml] has been ignored
29-Oct-2022 20:10:33.405 INFORMACIÓN [http-nio-8080-exec-29] org.apache.jasper.servlet.TldScanner.scanJars Al menos un JAR, que se ha explorado buscando TLDs, aún no contenía TLDs. Activar historial de depuración para este historiador para una completa lista de los JARs que fueron explorados y de los que nos se halló TLDs. Saltarse JARs no necesarios durante la exploración puede dar lugar a una mejora de tiempo significativa en el arranque y compilación de JSP .
29-Oct-2022 20:10:33.405 INFORMACIÓN [http-nio-8080-exec-29] org.apache.catalina.startup.HostConfig.deployDescriptor Deployment of deployment descriptor [C:\Users\Administrador\OneDrive\Documentos\EjercicioWEB\EjercicioWEB-1\Tomcat\apache-tomcat-9.0.68\conf\Catalina\localhost\EjercicioWEB1.xml] has finished in [953] ms
29-Oct-2022 20:10:33.405 INFORMACIÓN [http-nio-8080-exec-22] org.apache.catalina.util.LifecycleBase.start The start() method was called on component [StandardEngine[Catalina].StandardHost[localhost].StandardContext[/EjercicioWEB1]] after start() had already been called. The second call will be ignored.
29-Oct-2022 20:10:43.612 INFORMACIÓN [main] org.apache.catalina.core.StandardServer.await Se ha recibido un comando de apagado a través del puerto de apagado. Parando la instancia del Servidor.
29-Oct-2022 20:10:43.627 INFORMACIÓN [main] org.apache.coyote.AbstractProtocol.pause Pausing ProtocolHandler ["http-nio-8080"]
29-Oct-2022 20:10:44.407 INFORMACIÓN [main] org.apache.catalina.core.StandardService.stopInternal Parando servicio [Catalina]
29-Oct-2022 20:10:44.440 INFORMACIÓN [main] org.apache.coyote.AbstractProtocol.stop Stopping ProtocolHandler ["http-nio-8080"]
29-Oct-2022 20:10:44.504 INFORMACIÓN [main] org.apache.coyote.AbstractProtocol.destroy Destroying ProtocolHandler ["http-nio-8080"]
29-Oct-2022 20:10:53.562 INFORMACIÓN [main] org.apache.catalina.startup.VersionLoggerListener.log Nombre de la versión del servidor: Apache Tomcat/9.0.68
29-Oct-2022 20:10:53.625 INFORMACIÓN [main] org.apache.catalina.startup.VersionLoggerListener.log Server built:                      Oct 3 2022 19:06:10 UTC
29-Oct-2022 20:10:53.625 INFORMACIÓN [main] org.apache.catalina.startup.VersionLoggerListener.log Número de versión de servidor:     9.0.68.0
29-Oct-2022 20:10:53.625 INFORMACIÓN [main] org.apache.catalina.startup.VersionLoggerListener.log OS Name:                           Windows 10
29-Oct-2022 20:10:53.625 INFORMACIÓN [main] org.apache.catalina.startup.VersionLoggerListener.log Versión de Systema Operativo:      10.0
29-Oct-2022 20:10:53.625 INFORMACIÓN [main] org.apache.catalina.startup.VersionLoggerListener.log Arquitectura:                      amd64
29-Oct-2022 20:10:53.625 INFORMACIÓN [main] org.apache.catalina.startup.VersionLoggerListener.log Java Home:                         D:\Program Files\Java\jdk1.8.0_271\jre
29-Oct-2022 20:10:53.625 INFORMACIÓN [main] org.apache.catalina.startup.VersionLoggerListener.log JVM Version:                       1.8.0_271-b09
29-Oct-2022 20:10:53.625 INFORMACIÓN [main] org.apache.catalina.startup.VersionLoggerListener.log Vededor JVM:                       Oracle Corporation
29-Oct-2022 20:10:53.625 INFORMACIÓN [main] org.apache.catalina.startup.VersionLoggerListener.log CATALINA_BASE:                     C:\Users\Administrador\OneDrive\Documentos\EjercicioWEB\EjercicioWEB-1\Tomcat\apache-tomcat-9.0.68
29-Oct-2022 20:10:53.625 INFORMACIÓN [main] org.apache.catalina.startup.VersionLoggerListener.log CATALINA_HOME:                     C:\Users\Administrador\OneDrive\Documentos\EjercicioWEB\EjercicioWEB-1\Tomcat\apache-tomcat-9.0.68
29-Oct-2022 20:10:53.671 INFORMACIÓN [main] org.apache.catalina.startup.VersionLoggerListener.log Command line argument:             -Djava.util.logging.config.file=C:\Users\Administrador\OneDrive\Documentos\EjercicioWEB\EjercicioWEB-1\Tomcat\apache-tomcat-9.0.68\conf\logging.properties
29-Oct-2022 20:10:53.671 INFORMACIÓN [main] org.apache.catalina.startup.VersionLoggerListener.log Command line argument:             -Djava.util.logging.manager=org.apache.juli.ClassLoaderLogManager
29-Oct-2022 20:10:53.671 INFORMACIÓN [main] org.apache.catalina.startup.VersionLoggerListener.log Command line argument:             -Dhttp.nonProxyHosts=localhost|127.0.0.1|PC-ANDRES
29-Oct-2022 20:10:53.671 INFORMACIÓN [main] org.apache.catalina.startup.VersionLoggerListener.log Command line argument:             -Djdk.tls.ephemeralDHKeySize=2048
29-Oct-2022 20:10:53.671 INFORMACIÓN [main] org.apache.catalina.startup.VersionLoggerListener.log Command line argument:             -Djava.protocol.handler.pkgs=org.apache.catalina.webresources
29-Oct-2022 20:10:53.671 INFORMACIÓN [main] org.apache.catalina.startup.VersionLoggerListener.log Command line argument:             -Dignore.endorsed.dirs=
29-Oct-2022 20:10:53.671 INFORMACIÓN [main] org.apache.catalina.startup.VersionLoggerListener.log Command line argument:             -Dcatalina.base=C:\Users\Administrador\OneDrive\Documentos\EjercicioWEB\EjercicioWEB-1\Tomcat\apache-tomcat-9.0.68
29-Oct-2022 20:10:53.671 INFORMACIÓN [main] org.apache.catalina.startup.VersionLoggerListener.log Command line argument:             -Dcatalina.home=C:\Users\Administrador\OneDrive\Documentos\EjercicioWEB\EjercicioWEB-1\Tomcat\apache-tomcat-9.0.68
29-Oct-2022 20:10:53.671 INFORMACIÓN [main] org.apache.catalina.startup.VersionLoggerListener.log Command line argument:             -Djava.io.tmpdir=C:\Users\Administrador\OneDrive\Documentos\EjercicioWEB\EjercicioWEB-1\Tomcat\apache-tomcat-9.0.68\temp
29-Oct-2022 20:10:53.687 INFORMACIÓN [main] org.apache.catalina.core.AprLifecycleListener.lifecycleEvent Cargada la biblioteca nativa APR de Apache Tomcat [1.2.35] con la versión APR [1.7.0].
29-Oct-2022 20:10:53.687 INFORMACIÓN [main] org.apache.catalina.core.AprLifecycleListener.lifecycleEvent Capacidades APR: IPv6 [true], enviar fichero [true], aceptar filtros [false], aleatorio [true], UDS [true].
29-Oct-2022 20:10:53.750 INFORMACIÓN [main] org.apache.catalina.core.AprLifecycleListener.lifecycleEvent APR/OpenSSL configuration: useAprConnector [false], useOpenSSL [true]
29-Oct-2022 20:10:53.765 INFORMACIÓN [main] org.apache.catalina.core.AprLifecycleListener.initializeSSL OpenSSL inicializado correctamente [OpenSSL 1.1.1q  5 Jul 2022]
29-Oct-2022 20:10:55.516 INFORMACIÓN [main] org.apache.coyote.AbstractProtocol.init Inicializando el manejador de protocolo ["http-nio-8080"]

29-Oct-2022 20:10:55.641 INFORMACIÓN [main] org.apache.catalina.startup.Catalina.load Server initialization in [2637] milliseconds
29-Oct-2022 20:10:55.813 INFORMACIÓN [main] org.apache.catalina.core.StandardService.startInternal Arrancando servicio [Catalina]
29-Oct-2022 20:10:55.813 INFORMACIÓN [main] org.apache.catalina.core.StandardEngine.startInternal Starting Servlet engine: [Apache Tomcat/9.0.68]
29-Oct-2022 20:10:55.860 INFORMACIÓN [main] org.apache.catalina.startup.HostConfig.deployDescriptor Desplieque del descriptor de configuración [C:\Users\Administrador\OneDrive\Documentos\EjercicioWEB\EjercicioWEB-1\Tomcat\apache-tomcat-9.0.68\conf\Catalina\localhost\EjercicioWEB1.xml]
29-Oct-2022 20:10:55.922 ADVERTENCIA [main] org.apache.catalina.startup.HostConfig.deployDescriptor The path attribute with value [/EjercicioWEB1] in deployment descriptor [C:\Users\Administrador\OneDrive\Documentos\EjercicioWEB\EjercicioWEB-1\Tomcat\apache-tomcat-9.0.68\conf\Catalina\localhost\EjercicioWEB1.xml] has been ignored
29-Oct-2022 20:10:57.297 INFORMACIÓN [main] org.apache.jasper.servlet.TldScanner.scanJars Al menos un JAR, que se ha explorado buscando TLDs, aún no contenía TLDs. Activar historial de depuración para este historiador para una completa lista de los JARs que fueron explorados y de los que nos se halló TLDs. Saltarse JARs no necesarios durante la exploración puede dar lugar a una mejora de tiempo significativa en el arranque y compilación de JSP .
29-Oct-2022 20:10:58.111 ADVERTENCIA [main] org.apache.catalina.util.SessionIdGeneratorBase.createSecureRandom Creation of SecureRandom instance for session ID generation using [SHA1PRNG] took [691] milliseconds.
29-Oct-2022 20:10:58.216 INFORMACIÓN [main] org.apache.catalina.startup.HostConfig.deployDescriptor Deployment of deployment descriptor [C:\Users\Administrador\OneDrive\Documentos\EjercicioWEB\EjercicioWEB-1\Tomcat\apache-tomcat-9.0.68\conf\Catalina\localhost\EjercicioWEB1.xml] has finished in [2.356] ms
29-Oct-2022 20:10:58.218 INFORMACIÓN [main] org.apache.catalina.startup.HostConfig.deployDirectory Desplegando el directorio [C:\Users\Administrador\OneDrive\Documentos\EjercicioWEB\EjercicioWEB-1\Tomcat\apache-tomcat-9.0.68\webapps\docs] de la aplicación web
29-Oct-2022 20:10:58.293 INFORMACIÓN [main] org.apache.catalina.startup.HostConfig.deployDirectory Deployment of web application directory [C:\Users\Administrador\OneDrive\Documentos\EjercicioWEB\EjercicioWEB-1\Tomcat\apache-tomcat-9.0.68\webapps\docs] has finished in [75] ms
29-Oct-2022 20:10:58.294 INFORMACIÓN [main] org.apache.catalina.startup.HostConfig.deployDirectory Desplegando el directorio [C:\Users\Administrador\OneDrive\Documentos\EjercicioWEB\EjercicioWEB-1\Tomcat\apache-tomcat-9.0.68\webapps\examples] de la aplicación web
29-Oct-2022 20:10:59.407 INFORMACIÓN [main] org.apache.catalina.startup.HostConfig.deployDirectory Deployment of web application directory [C:\Users\Administrador\OneDrive\Documentos\EjercicioWEB\EjercicioWEB-1\Tomcat\apache-tomcat-9.0.68\webapps\examples] has finished in [1.114] ms
29-Oct-2022 20:10:59.408 INFORMACIÓN [main] org.apache.catalina.startup.HostConfig.deployDirectory Desplegando el directorio [C:\Users\Administrador\OneDrive\Documentos\EjercicioWEB\EjercicioWEB-1\Tomcat\apache-tomcat-9.0.68\webapps\host-manager] de la aplicación web
29-Oct-2022 20:10:59.568 INFORMACIÓN [main] org.apache.catalina.startup.HostConfig.deployDirectory Deployment of web application directory [C:\Users\Administrador\OneDrive\Documentos\EjercicioWEB\EjercicioWEB-1\Tomcat\apache-tomcat-9.0.68\webapps\host-manager] has finished in [159] ms
29-Oct-2022 20:10:59.568 INFORMACIÓN [main] org.apache.catalina.startup.HostConfig.deployDirectory Desplegando el directorio [C:\Users\Administrador\OneDrive\Documentos\EjercicioWEB\EjercicioWEB-1\Tomcat\apache-tomcat-9.0.68\webapps\manager] de la aplicación web
29-Oct-2022 20:10:59.657 INFORMACIÓN [main] org.apache.catalina.startup.HostConfig.deployDirectory Deployment of web application directory [C:\Users\Administrador\OneDrive\Documentos\EjercicioWEB\EjercicioWEB-1\Tomcat\apache-tomcat-9.0.68\webapps\manager] has finished in [89] ms
29-Oct-2022 20:10:59.658 INFORMACIÓN [main] org.apache.catalina.startup.HostConfig.deployDirectory Desplegando el directorio [C:\Users\Administrador\OneDrive\Documentos\EjercicioWEB\EjercicioWEB-1\Tomcat\apache-tomcat-9.0.68\webapps\ROOT] de la aplicación web
29-Oct-2022 20:10:59.741 INFORMACIÓN [main] org.apache.catalina.startup.HostConfig.deployDirectory Deployment of web application directory [C:\Users\Administrador\OneDrive\Documentos\EjercicioWEB\EjercicioWEB-1\Tomcat\apache-tomcat-9.0.68\webapps\ROOT] has finished in [82] ms
29-Oct-2022 20:10:59.750 INFORMACIÓN [main] org.apache.coyote.AbstractProtocol.start Starting ProtocolHandler ["http-nio-8080"]
29-Oct-2022 20:10:59.824 INFORMACIÓN [main] org.apache.catalina.startup.Catalina.start Server startup in [4170] milliseconds
29-Oct-2022 20:11:15.423 INFORMACIÓN [http-nio-8080-exec-10] org.apache.catalina.startup.HostConfig.undeploy Repliegue (undeploy) de la aplicación web que tiene como trayectoria de contexto [/EjercicioWEB1]
29-Oct-2022 20:11:15.548 INFORMACIÓN [http-nio-8080-exec-3] org.apache.catalina.startup.HostConfig.deployDescriptor Desplieque del descriptor de configuración [C:\Users\Administrador\OneDrive\Documentos\EjercicioWEB\EjercicioWEB-1\Tomcat\apache-tomcat-9.0.68\conf\Catalina\localhost\EjercicioWEB1.xml]
29-Oct-2022 20:11:15.579 ADVERTENCIA [http-nio-8080-exec-3] org.apache.catalina.startup.HostConfig.deployDescriptor The path attribute with value [/EjercicioWEB1] in deployment descriptor [C:\Users\Administrador\OneDrive\Documentos\EjercicioWEB\EjercicioWEB-1\Tomcat\apache-tomcat-9.0.68\conf\Catalina\localhost\EjercicioWEB1.xml] has been ignored
29-Oct-2022 20:11:17.221 INFORMACIÓN [http-nio-8080-exec-3] org.apache.jasper.servlet.TldScanner.scanJars Al menos un JAR, que se ha explorado buscando TLDs, aún no contenía TLDs. Activar historial de depuración para este historiador para una completa lista de los JARs que fueron explorados y de los que nos se halló TLDs. Saltarse JARs no necesarios durante la exploración puede dar lugar a una mejora de tiempo significativa en el arranque y compilación de JSP .
29-Oct-2022 20:11:17.221 INFORMACIÓN [http-nio-8080-exec-3] org.apache.catalina.startup.HostConfig.deployDescriptor Deployment of deployment descriptor [C:\Users\Administrador\OneDrive\Documentos\EjercicioWEB\EjercicioWEB-1\Tomcat\apache-tomcat-9.0.68\conf\Catalina\localhost\EjercicioWEB1.xml] has finished in [1.673] ms
29-Oct-2022 20:11:17.237 INFORMACIÓN [http-nio-8080-exec-2] org.apache.catalina.util.LifecycleBase.start The start() method was called on component [StandardEngine[Catalina].StandardHost[localhost].StandardContext[/EjercicioWEB1]] after start() had already been called. The second call will be ignored.
29-Oct-2022 20:41:25.581 INFORMACIÓN [http-nio-8080-exec-13] org.apache.catalina.core.StandardContext.reload Ha comenzado la recarga de Contexto [/EjercicioWEB1]
29-Oct-2022 20:41:25.597 ADVERTENCIA [http-nio-8080-exec-13] org.apache.catalina.loader.WebappClassLoaderBase.clearReferencesJdbc La aplicación web [EjercicioWEB1] registró el conductor JDBC [org.postgresql.Driver] pero falló al anular el registro mientras la aplicación web estaba parada. Para prevenir un fallo de memoria, se ha anulado el registro del conductor JDBC por la fuerza.
29-Oct-2022 20:41:26.691 INFORMACIÓN [http-nio-8080-exec-13] org.apache.jasper.servlet.TldScanner.scanJars Al menos un JAR, que se ha explorado buscando TLDs, aún no contenía TLDs. Activar historial de depuración para este historiador para una completa lista de los JARs que fueron explorados y de los que nos se halló TLDs. Saltarse JARs no necesarios durante la exploración puede dar lugar a una mejora de tiempo significativa en el arranque y compilación de JSP .
29-Oct-2022 20:41:26.737 INFORMACIÓN [http-nio-8080-exec-13] org.apache.catalina.core.StandardContext.reload Se ha completado la recarga de este Contexto
29-Oct-2022 20:46:49.273 INFORMACIÓN [http-nio-8080-exec-22] org.apache.catalina.core.StandardContext.reload Ha comenzado la recarga de Contexto [/EjercicioWEB1]
29-Oct-2022 20:46:49.679 INFORMACIÓN [http-nio-8080-exec-22] org.apache.jasper.servlet.TldScanner.scanJars Al menos un JAR, que se ha explorado buscando TLDs, aún no contenía TLDs. Activar historial de depuración para este historiador para una completa lista de los JARs que fueron explorados y de los que nos se halló TLDs. Saltarse JARs no necesarios durante la exploración puede dar lugar a una mejora de tiempo significativa en el arranque y compilación de JSP .
29-Oct-2022 20:46:49.695 INFORMACIÓN [http-nio-8080-exec-22] org.apache.catalina.core.StandardContext.reload Se ha completado la recarga de este Contexto
29-Oct-2022 20:52:33.056 INFORMACIÓN [http-nio-8080-exec-31] org.apache.catalina.core.StandardContext.reload Ha comenzado la recarga de Contexto [/EjercicioWEB1]
29-Oct-2022 20:52:33.525 INFORMACIÓN [http-nio-8080-exec-31] org.apache.jasper.servlet.TldScanner.scanJars Al menos un JAR, que se ha explorado buscando TLDs, aún no contenía TLDs. Activar historial de depuración para este historiador para una completa lista de los JARs que fueron explorados y de los que nos se halló TLDs. Saltarse JARs no necesarios durante la exploración puede dar lugar a una mejora de tiempo significativa en el arranque y compilación de JSP .
29-Oct-2022 20:52:33.525 INFORMACIÓN [http-nio-8080-exec-31] org.apache.catalina.core.StandardContext.reload Se ha completado la recarga de este Contexto
29-Oct-2022 21:27:15.193 INFORMACIÓN [http-nio-8080-exec-44] org.apache.catalina.core.StandardContext.reload Ha comenzado la recarga de Contexto [/EjercicioWEB1]
29-Oct-2022 21:27:15.912 INFORMACIÓN [http-nio-8080-exec-44] org.apache.jasper.servlet.TldScanner.scanJars Al menos un JAR, que se ha explorado buscando TLDs, aún no contenía TLDs. Activar historial de depuración para este historiador para una completa lista de los JARs que fueron explorados y de los que nos se halló TLDs. Saltarse JARs no necesarios durante la exploración puede dar lugar a una mejora de tiempo significativa en el arranque y compilación de JSP .
29-Oct-2022 21:27:15.925 INFORMACIÓN [http-nio-8080-exec-44] org.apache.catalina.core.StandardContext.reload Se ha completado la recarga de este Contexto
29-Oct-2022 21:28:54.263 INFORMACIÓN [http-nio-8080-exec-43] org.apache.catalina.startup.HostConfig.undeploy Repliegue (undeploy) de la aplicación web que tiene como trayectoria de contexto [/EjercicioWEB1]
29-Oct-2022 21:28:54.333 INFORMACIÓN [http-nio-8080-exec-37] org.apache.catalina.startup.HostConfig.deployDescriptor Desplieque del descriptor de configuración [C:\Users\Administrador\OneDrive\Documentos\EjercicioWEB\EjercicioWEB-1\Tomcat\apache-tomcat-9.0.68\conf\Catalina\localhost\EjercicioWEB1.xml]
29-Oct-2022 21:28:54.337 ADVERTENCIA [http-nio-8080-exec-37] org.apache.catalina.startup.HostConfig.deployDescriptor The path attribute with value [/EjercicioWEB1] in deployment descriptor [C:\Users\Administrador\OneDrive\Documentos\EjercicioWEB\EjercicioWEB-1\Tomcat\apache-tomcat-9.0.68\conf\Catalina\localhost\EjercicioWEB1.xml] has been ignored
29-Oct-2022 21:28:55.545 INFORMACIÓN [http-nio-8080-exec-37] org.apache.jasper.servlet.TldScanner.scanJars Al menos un JAR, que se ha explorado buscando TLDs, aún no contenía TLDs. Activar historial de depuración para este historiador para una completa lista de los JARs que fueron explorados y de los que nos se halló TLDs. Saltarse JARs no necesarios durante la exploración puede dar lugar a una mejora de tiempo significativa en el arranque y compilación de JSP .
29-Oct-2022 21:28:55.576 INFORMACIÓN [http-nio-8080-exec-37] org.apache.catalina.startup.HostConfig.deployDescriptor Deployment of deployment descriptor [C:\Users\Administrador\OneDrive\Documentos\EjercicioWEB\EjercicioWEB-1\Tomcat\apache-tomcat-9.0.68\conf\Catalina\localhost\EjercicioWEB1.xml] has finished in [1.227] ms
29-Oct-2022 21:28:55.582 INFORMACIÓN [http-nio-8080-exec-39] org.apache.catalina.util.LifecycleBase.start The start() method was called on component [StandardEngine[Catalina].StandardHost[localhost].StandardContext[/EjercicioWEB1]] after start() had already been called. The second call will be ignored.
29-Oct-2022 21:39:48.094 INFORMACIÓN [http-nio-8080-exec-55] org.apache.catalina.core.StandardContext.reload Ha comenzado la recarga de Contexto [/EjercicioWEB1]
29-Oct-2022 21:39:48.101 ADVERTENCIA [http-nio-8080-exec-55] org.apache.catalina.loader.WebappClassLoaderBase.clearReferencesJdbc La aplicación web [EjercicioWEB1] registró el conductor JDBC [org.postgresql.Driver] pero falló al anular el registro mientras la aplicación web estaba parada. Para prevenir un fallo de memoria, se ha anulado el registro del conductor JDBC por la fuerza.
29-Oct-2022 21:39:48.556 INFORMACIÓN [http-nio-8080-exec-55] org.apache.jasper.servlet.TldScanner.scanJars Al menos un JAR, que se ha explorado buscando TLDs, aún no contenía TLDs. Activar historial de depuración para este historiador para una completa lista de los JARs que fueron explorados y de los que nos se halló TLDs. Saltarse JARs no necesarios durante la exploración puede dar lugar a una mejora de tiempo significativa en el arranque y compilación de JSP .
29-Oct-2022 21:39:48.566 INFORMACIÓN [http-nio-8080-exec-55] org.apache.catalina.core.StandardContext.reload Se ha completado la recarga de este Contexto
29-Oct-2022 21:39:55.537 INFORMACIÓN [http-nio-8080-exec-51] org.apache.catalina.startup.HostConfig.undeploy Repliegue (undeploy) de la aplicación web que tiene como trayectoria de contexto [/EjercicioWEB1]
29-Oct-2022 21:39:55.588 INFORMACIÓN [http-nio-8080-exec-48] org.apache.catalina.startup.HostConfig.deployDescriptor Desplieque del descriptor de configuración [C:\Users\Administrador\OneDrive\Documentos\EjercicioWEB\EjercicioWEB-1\Tomcat\apache-tomcat-9.0.68\conf\Catalina\localhost\EjercicioWEB1.xml]
29-Oct-2022 21:39:55.590 ADVERTENCIA [http-nio-8080-exec-48] org.apache.catalina.startup.HostConfig.deployDescriptor The path attribute with value [/EjercicioWEB1] in deployment descriptor [C:\Users\Administrador\OneDrive\Documentos\EjercicioWEB\EjercicioWEB-1\Tomcat\apache-tomcat-9.0.68\conf\Catalina\localhost\EjercicioWEB1.xml] has been ignored
29-Oct-2022 21:39:56.072 INFORMACIÓN [http-nio-8080-exec-48] org.apache.jasper.servlet.TldScanner.scanJars Al menos un JAR, que se ha explorado buscando TLDs, aún no contenía TLDs. Activar historial de depuración para este historiador para una completa lista de los JARs que fueron explorados y de los que nos se halló TLDs. Saltarse JARs no necesarios durante la exploración puede dar lugar a una mejora de tiempo significativa en el arranque y compilación de JSP .
29-Oct-2022 21:39:56.087 INFORMACIÓN [http-nio-8080-exec-48] org.apache.catalina.startup.HostConfig.deployDescriptor Deployment of deployment descriptor [C:\Users\Administrador\OneDrive\Documentos\EjercicioWEB\EjercicioWEB-1\Tomcat\apache-tomcat-9.0.68\conf\Catalina\localhost\EjercicioWEB1.xml] has finished in [499] ms
29-Oct-2022 21:39:56.095 INFORMACIÓN [http-nio-8080-exec-50] org.apache.catalina.util.LifecycleBase.start The start() method was called on component [StandardEngine[Catalina].StandardHost[localhost].StandardContext[/EjercicioWEB1]] after start() had already been called. The second call will be ignored.
29-Oct-2022 21:43:52.885 INFORMACIÓN [http-nio-8080-exec-63] org.apache.catalina.core.StandardContext.reload Ha comenzado la recarga de Contexto [/EjercicioWEB1]
29-Oct-2022 21:43:52.894 ADVERTENCIA [http-nio-8080-exec-63] org.apache.catalina.loader.WebappClassLoaderBase.clearReferencesJdbc La aplicación web [EjercicioWEB1] registró el conductor JDBC [org.postgresql.Driver] pero falló al anular el registro mientras la aplicación web estaba parada. Para prevenir un fallo de memoria, se ha anulado el registro del conductor JDBC por la fuerza.
29-Oct-2022 21:43:53.500 INFORMACIÓN [http-nio-8080-exec-63] org.apache.jasper.servlet.TldScanner.scanJars Al menos un JAR, que se ha explorado buscando TLDs, aún no contenía TLDs. Activar historial de depuración para este historiador para una completa lista de los JARs que fueron explorados y de los que nos se halló TLDs. Saltarse JARs no necesarios durante la exploración puede dar lugar a una mejora de tiempo significativa en el arranque y compilación de JSP .
29-Oct-2022 21:43:53.510 INFORMACIÓN [http-nio-8080-exec-63] org.apache.catalina.core.StandardContext.reload Se ha completado la recarga de este Contexto
29-Oct-2022 21:43:57.198 INFORMACIÓN [http-nio-8080-exec-62] org.apache.catalina.startup.HostConfig.undeploy Repliegue (undeploy) de la aplicación web que tiene como trayectoria de contexto [/EjercicioWEB1]
29-Oct-2022 21:43:57.248 INFORMACIÓN [http-nio-8080-exec-60] org.apache.catalina.startup.HostConfig.deployDescriptor Desplieque del descriptor de configuración [C:\Users\Administrador\OneDrive\Documentos\EjercicioWEB\EjercicioWEB-1\Tomcat\apache-tomcat-9.0.68\conf\Catalina\localhost\EjercicioWEB1.xml]
29-Oct-2022 21:43:57.250 ADVERTENCIA [http-nio-8080-exec-60] org.apache.catalina.startup.HostConfig.deployDescriptor The path attribute with value [/EjercicioWEB1] in deployment descriptor [C:\Users\Administrador\OneDrive\Documentos\EjercicioWEB\EjercicioWEB-1\Tomcat\apache-tomcat-9.0.68\conf\Catalina\localhost\EjercicioWEB1.xml] has been ignored
29-Oct-2022 21:43:57.925 INFORMACIÓN [http-nio-8080-exec-60] org.apache.jasper.servlet.TldScanner.scanJars Al menos un JAR, que se ha explorado buscando TLDs, aún no contenía TLDs. Activar historial de depuración para este historiador para una completa lista de los JARs que fueron explorados y de los que nos se halló TLDs. Saltarse JARs no necesarios durante la exploración puede dar lugar a una mejora de tiempo significativa en el arranque y compilación de JSP .
29-Oct-2022 21:43:57.935 INFORMACIÓN [http-nio-8080-exec-60] org.apache.catalina.startup.HostConfig.deployDescriptor Deployment of deployment descriptor [C:\Users\Administrador\OneDrive\Documentos\EjercicioWEB\EjercicioWEB-1\Tomcat\apache-tomcat-9.0.68\conf\Catalina\localhost\EjercicioWEB1.xml] has finished in [686] ms
29-Oct-2022 21:43:57.943 INFORMACIÓN [http-nio-8080-exec-66] org.apache.catalina.util.LifecycleBase.start The start() method was called on component [StandardEngine[Catalina].StandardHost[localhost].StandardContext[/EjercicioWEB1]] after start() had already been called. The second call will be ignored.
29-Oct-2022 21:55:34.400 ADVERTENCIA [http-nio-8080-exec-76] org.apache.catalina.loader.WebappClassLoaderBase.clearReferencesJdbc La aplicación web [EjercicioWEB1] registró el conductor JDBC [org.postgresql.Driver] pero falló al anular el registro mientras la aplicación web estaba parada. Para prevenir un fallo de memoria, se ha anulado el registro del conductor JDBC por la fuerza.
29-Oct-2022 21:55:34.913 INFORMACIÓN [http-nio-8080-exec-76] org.apache.catalina.startup.HostConfig.undeploy Repliegue (undeploy) de la aplicación web que tiene como trayectoria de contexto [/EjercicioWEB1]
29-Oct-2022 21:55:34.954 INFORMACIÓN [http-nio-8080-exec-82] org.apache.catalina.startup.HostConfig.deployDescriptor Desplieque del descriptor de configuración [C:\Users\Administrador\OneDrive\Documentos\EjercicioWEB\EjercicioWEB-1\Tomcat\apache-tomcat-9.0.68\conf\Catalina\localhost\EjercicioWEB1.xml]
29-Oct-2022 21:55:34.956 ADVERTENCIA [http-nio-8080-exec-82] org.apache.catalina.startup.HostConfig.deployDescriptor The path attribute with value [/EjercicioWEB1] in deployment descriptor [C:\Users\Administrador\OneDrive\Documentos\EjercicioWEB\EjercicioWEB-1\Tomcat\apache-tomcat-9.0.68\conf\Catalina\localhost\EjercicioWEB1.xml] has been ignored
29-Oct-2022 21:55:35.466 INFORMACIÓN [http-nio-8080-exec-82] org.apache.jasper.servlet.TldScanner.scanJars Al menos un JAR, que se ha explorado buscando TLDs, aún no contenía TLDs. Activar historial de depuración para este historiador para una completa lista de los JARs que fueron explorados y de los que nos se halló TLDs. Saltarse JARs no necesarios durante la exploración puede dar lugar a una mejora de tiempo significativa en el arranque y compilación de JSP .
29-Oct-2022 21:55:35.471 INFORMACIÓN [http-nio-8080-exec-82] org.apache.catalina.startup.HostConfig.deployDescriptor Deployment of deployment descriptor [C:\Users\Administrador\OneDrive\Documentos\EjercicioWEB\EjercicioWEB-1\Tomcat\apache-tomcat-9.0.68\conf\Catalina\localhost\EjercicioWEB1.xml] has finished in [517] ms
29-Oct-2022 21:55:35.475 INFORMACIÓN [http-nio-8080-exec-73] org.apache.catalina.util.LifecycleBase.start The start() method was called on component [StandardEngine[Catalina].StandardHost[localhost].StandardContext[/EjercicioWEB1]] after start() had already been called. The second call will be ignored.
29-Oct-2022 21:58:00.699 ADVERTENCIA [http-nio-8080-exec-86] org.apache.catalina.loader.WebappClassLoaderBase.clearReferencesJdbc La aplicación web [EjercicioWEB1] registró el conductor JDBC [org.postgresql.Driver] pero falló al anular el registro mientras la aplicación web estaba parada. Para prevenir un fallo de memoria, se ha anulado el registro del conductor JDBC por la fuerza.
29-Oct-2022 21:58:01.210 INFORMACIÓN [http-nio-8080-exec-86] org.apache.catalina.startup.HostConfig.undeploy Repliegue (undeploy) de la aplicación web que tiene como trayectoria de contexto [/EjercicioWEB1]
29-Oct-2022 21:58:01.319 INFORMACIÓN [http-nio-8080-exec-83] org.apache.catalina.startup.HostConfig.deployDescriptor Desplieque del descriptor de configuración [C:\Users\Administrador\OneDrive\Documentos\EjercicioWEB\EjercicioWEB-1\Tomcat\apache-tomcat-9.0.68\conf\Catalina\localhost\EjercicioWEB1.xml]
29-Oct-2022 21:58:01.321 ADVERTENCIA [http-nio-8080-exec-83] org.apache.catalina.startup.HostConfig.deployDescriptor The path attribute with value [/EjercicioWEB1] in deployment descriptor [C:\Users\Administrador\OneDrive\Documentos\EjercicioWEB\EjercicioWEB-1\Tomcat\apache-tomcat-9.0.68\conf\Catalina\localhost\EjercicioWEB1.xml] has been ignored
29-Oct-2022 21:58:02.180 INFORMACIÓN [http-nio-8080-exec-83] org.apache.jasper.servlet.TldScanner.scanJars Al menos un JAR, que se ha explorado buscando TLDs, aún no contenía TLDs. Activar historial de depuración para este historiador para una completa lista de los JARs que fueron explorados y de los que nos se halló TLDs. Saltarse JARs no necesarios durante la exploración puede dar lugar a una mejora de tiempo significativa en el arranque y compilación de JSP .
29-Oct-2022 21:58:02.213 INFORMACIÓN [http-nio-8080-exec-83] org.apache.catalina.startup.HostConfig.deployDescriptor Deployment of deployment descriptor [C:\Users\Administrador\OneDrive\Documentos\EjercicioWEB\EjercicioWEB-1\Tomcat\apache-tomcat-9.0.68\conf\Catalina\localhost\EjercicioWEB1.xml] has finished in [893] ms
29-Oct-2022 21:58:02.218 INFORMACIÓN [http-nio-8080-exec-90] org.apache.catalina.util.LifecycleBase.start The start() method was called on component [StandardEngine[Catalina].StandardHost[localhost].StandardContext[/EjercicioWEB1]] after start() had already been called. The second call will be ignored.
29-Oct-2022 21:58:03.704 INFORMACIÓN [http-nio-8080-exec-83] org.apache.catalina.startup.HostConfig.undeploy Repliegue (undeploy) de la aplicación web que tiene como trayectoria de contexto [/EjercicioWEB1]
29-Oct-2022 21:58:03.748 INFORMACIÓN [http-nio-8080-exec-90] org.apache.catalina.startup.HostConfig.deployDescriptor Desplieque del descriptor de configuración [C:\Users\Administrador\OneDrive\Documentos\EjercicioWEB\EjercicioWEB-1\Tomcat\apache-tomcat-9.0.68\conf\Catalina\localhost\EjercicioWEB1.xml]
29-Oct-2022 21:58:03.750 ADVERTENCIA [http-nio-8080-exec-90] org.apache.catalina.startup.HostConfig.deployDescriptor The path attribute with value [/EjercicioWEB1] in deployment descriptor [C:\Users\Administrador\OneDrive\Documentos\EjercicioWEB\EjercicioWEB-1\Tomcat\apache-tomcat-9.0.68\conf\Catalina\localhost\EjercicioWEB1.xml] has been ignored
29-Oct-2022 21:58:05.236 INFORMACIÓN [http-nio-8080-exec-90] org.apache.jasper.servlet.TldScanner.scanJars Al menos un JAR, que se ha explorado buscando TLDs, aún no contenía TLDs. Activar historial de depuración para este historiador para una completa lista de los JARs que fueron explorados y de los que nos se halló TLDs. Saltarse JARs no necesarios durante la exploración puede dar lugar a una mejora de tiempo significativa en el arranque y compilación de JSP .
29-Oct-2022 21:58:05.245 INFORMACIÓN [http-nio-8080-exec-90] org.apache.catalina.startup.HostConfig.deployDescriptor Deployment of deployment descriptor [C:\Users\Administrador\OneDrive\Documentos\EjercicioWEB\EjercicioWEB-1\Tomcat\apache-tomcat-9.0.68\conf\Catalina\localhost\EjercicioWEB1.xml] has finished in [1.496] ms
29-Oct-2022 21:58:05.317 INFORMACIÓN [http-nio-8080-exec-88] org.apache.catalina.util.LifecycleBase.start The start() method was called on component [StandardEngine[Catalina].StandardHost[localhost].StandardContext[/EjercicioWEB1]] after start() had already been called. The second call will be ignored.
29-Oct-2022 21:58:06.116 INFORMACIÓN [http-nio-8080-exec-94] org.apache.catalina.startup.HostConfig.undeploy Repliegue (undeploy) de la aplicación web que tiene como trayectoria de contexto [/EjercicioWEB1]
29-Oct-2022 21:58:06.319 INFORMACIÓN [http-nio-8080-exec-88] org.apache.catalina.startup.HostConfig.deployDescriptor Desplieque del descriptor de configuración [C:\Users\Administrador\OneDrive\Documentos\EjercicioWEB\EjercicioWEB-1\Tomcat\apache-tomcat-9.0.68\conf\Catalina\localhost\EjercicioWEB1.xml]
29-Oct-2022 21:58:06.321 ADVERTENCIA [http-nio-8080-exec-88] org.apache.catalina.startup.HostConfig.deployDescriptor The path attribute with value [/EjercicioWEB1] in deployment descriptor [C:\Users\Administrador\OneDrive\Documentos\EjercicioWEB\EjercicioWEB-1\Tomcat\apache-tomcat-9.0.68\conf\Catalina\localhost\EjercicioWEB1.xml] has been ignored
29-Oct-2022 21:58:07.304 INFORMACIÓN [http-nio-8080-exec-88] org.apache.jasper.servlet.TldScanner.scanJars Al menos un JAR, que se ha explorado buscando TLDs, aún no contenía TLDs. Activar historial de depuración para este historiador para una completa lista de los JARs que fueron explorados y de los que nos se halló TLDs. Saltarse JARs no necesarios durante la exploración puede dar lugar a una mejora de tiempo significativa en el arranque y compilación de JSP .
29-Oct-2022 21:58:07.319 INFORMACIÓN [http-nio-8080-exec-88] org.apache.catalina.startup.HostConfig.deployDescriptor Deployment of deployment descriptor [C:\Users\Administrador\OneDrive\Documentos\EjercicioWEB\EjercicioWEB-1\Tomcat\apache-tomcat-9.0.68\conf\Catalina\localhost\EjercicioWEB1.xml] has finished in [1.001] ms
29-Oct-2022 21:58:07.620 INFORMACIÓN [http-nio-8080-exec-93] org.apache.catalina.util.LifecycleBase.start The start() method was called on component [StandardEngine[Catalina].StandardHost[localhost].StandardContext[/EjercicioWEB1]] after start() had already been called. The second call will be ignored.
29-Oct-2022 22:01:20.933 INFORMACIÓN [main] org.apache.catalina.core.StandardServer.await Se ha recibido un comando de apagado a través del puerto de apagado. Parando la instancia del Servidor.
29-Oct-2022 22:01:20.934 INFORMACIÓN [main] org.apache.coyote.AbstractProtocol.pause Pausing ProtocolHandler ["http-nio-8080"]
29-Oct-2022 22:01:21.909 INFORMACIÓN [main] org.apache.catalina.core.StandardService.stopInternal Parando servicio [Catalina]
29-Oct-2022 22:01:21.944 ADVERTENCIA [main] org.apache.catalina.loader.WebappClassLoaderBase.clearReferencesJdbc La aplicación web [EjercicioWEB1] registró el conductor JDBC [org.postgresql.Driver] pero falló al anular el registro mientras la aplicación web estaba parada. Para prevenir un fallo de memoria, se ha anulado el registro del conductor JDBC por la fuerza.
29-Oct-2022 22:01:21.951 INFORMACIÓN [main] org.apache.coyote.AbstractProtocol.stop Stopping ProtocolHandler ["http-nio-8080"]
29-Oct-2022 22:01:21.985 INFORMACIÓN [main] org.apache.coyote.AbstractProtocol.destroy Destroying ProtocolHandler ["http-nio-8080"]
29-Oct-2022 22:01:33.452 INFORMACIÓN [main] org.apache.catalina.startup.VersionLoggerListener.log Nombre de la versión del servidor: Apache Tomcat/9.0.68
29-Oct-2022 22:01:33.484 INFORMACIÓN [main] org.apache.catalina.startup.VersionLoggerListener.log Server built:                      Oct 3 2022 19:06:10 UTC
29-Oct-2022 22:01:33.485 INFORMACIÓN [main] org.apache.catalina.startup.VersionLoggerListener.log Número de versión de servidor:     9.0.68.0
29-Oct-2022 22:01:33.485 INFORMACIÓN [main] org.apache.catalina.startup.VersionLoggerListener.log OS Name:                           Windows 10
29-Oct-2022 22:01:33.485 INFORMACIÓN [main] org.apache.catalina.startup.VersionLoggerListener.log Versión de Systema Operativo:      10.0
29-Oct-2022 22:01:33.486 INFORMACIÓN [main] org.apache.catalina.startup.VersionLoggerListener.log Arquitectura:                      amd64
29-Oct-2022 22:01:33.486 INFORMACIÓN [main] org.apache.catalina.startup.VersionLoggerListener.log Java Home:                         D:\Program Files\Java\jdk1.8.0_271\jre
29-Oct-2022 22:01:33.486 INFORMACIÓN [main] org.apache.catalina.startup.VersionLoggerListener.log JVM Version:                       1.8.0_271-b09
29-Oct-2022 22:01:33.486 INFORMACIÓN [main] org.apache.catalina.startup.VersionLoggerListener.log Vededor JVM:                       Oracle Corporation
29-Oct-2022 22:01:33.486 INFORMACIÓN [main] org.apache.catalina.startup.VersionLoggerListener.log CATALINA_BASE:                     C:\Users\Administrador\OneDrive\Documentos\EjercicioWEB\EjercicioWEB-1\Tomcat\apache-tomcat-9.0.68
29-Oct-2022 22:01:33.486 INFORMACIÓN [main] org.apache.catalina.startup.VersionLoggerListener.log CATALINA_HOME:                     C:\Users\Administrador\OneDrive\Documentos\EjercicioWEB\EjercicioWEB-1\Tomcat\apache-tomcat-9.0.68
29-Oct-2022 22:01:33.527 INFORMACIÓN [main] org.apache.catalina.startup.VersionLoggerListener.log Command line argument:             -Djava.util.logging.config.file=C:\Users\Administrador\OneDrive\Documentos\EjercicioWEB\EjercicioWEB-1\Tomcat\apache-tomcat-9.0.68\conf\logging.properties
29-Oct-2022 22:01:33.527 INFORMACIÓN [main] org.apache.catalina.startup.VersionLoggerListener.log Command line argument:             -Djava.util.logging.manager=org.apache.juli.ClassLoaderLogManager
29-Oct-2022 22:01:33.527 INFORMACIÓN [main] org.apache.catalina.startup.VersionLoggerListener.log Command line argument:             -Dhttp.nonProxyHosts=localhost|127.0.0.1|PC-ANDRES
29-Oct-2022 22:01:33.527 INFORMACIÓN [main] org.apache.catalina.startup.VersionLoggerListener.log Command line argument:             -Djdk.tls.ephemeralDHKeySize=2048
29-Oct-2022 22:01:33.528 INFORMACIÓN [main] org.apache.catalina.startup.VersionLoggerListener.log Command line argument:             -Djava.protocol.handler.pkgs=org.apache.catalina.webresources
29-Oct-2022 22:01:33.528 INFORMACIÓN [main] org.apache.catalina.startup.VersionLoggerListener.log Command line argument:             -Dignore.endorsed.dirs=
29-Oct-2022 22:01:33.528 INFORMACIÓN [main] org.apache.catalina.startup.VersionLoggerListener.log Command line argument:             -Dcatalina.base=C:\Users\Administrador\OneDrive\Documentos\EjercicioWEB\EjercicioWEB-1\Tomcat\apache-tomcat-9.0.68
29-Oct-2022 22:01:33.529 INFORMACIÓN [main] org.apache.catalina.startup.VersionLoggerListener.log Command line argument:             -Dcatalina.home=C:\Users\Administrador\OneDrive\Documentos\EjercicioWEB\EjercicioWEB-1\Tomcat\apache-tomcat-9.0.68
29-Oct-2022 22:01:33.529 INFORMACIÓN [main] org.apache.catalina.startup.VersionLoggerListener.log Command line argument:             -Djava.io.tmpdir=C:\Users\Administrador\OneDrive\Documentos\EjercicioWEB\EjercicioWEB-1\Tomcat\apache-tomcat-9.0.68\temp
29-Oct-2022 22:01:33.536 INFORMACIÓN [main] org.apache.catalina.core.AprLifecycleListener.lifecycleEvent Cargada la biblioteca nativa APR de Apache Tomcat [1.2.35] con la versión APR [1.7.0].
29-Oct-2022 22:01:33.536 INFORMACIÓN [main] org.apache.catalina.core.AprLifecycleListener.lifecycleEvent Capacidades APR: IPv6 [true], enviar fichero [true], aceptar filtros [false], aleatorio [true], UDS [true].
29-Oct-2022 22:01:33.559 INFORMACIÓN [main] org.apache.catalina.core.AprLifecycleListener.lifecycleEvent APR/OpenSSL configuration: useAprConnector [false], useOpenSSL [true]
29-Oct-2022 22:01:33.571 INFORMACIÓN [main] org.apache.catalina.core.AprLifecycleListener.initializeSSL OpenSSL inicializado correctamente [OpenSSL 1.1.1q  5 Jul 2022]
29-Oct-2022 22:01:38.181 INFORMACIÓN [main] org.apache.coyote.AbstractProtocol.init Inicializando el manejador de protocolo ["http-nio-8080"]

29-Oct-2022 22:01:38.386 INFORMACIÓN [main] org.apache.catalina.startup.Catalina.load Server initialization in [5851] milliseconds
29-Oct-2022 22:01:38.591 INFORMACIÓN [main] org.apache.catalina.core.StandardService.startInternal Arrancando servicio [Catalina]
29-Oct-2022 22:01:38.592 INFORMACIÓN [main] org.apache.catalina.core.StandardEngine.startInternal Starting Servlet engine: [Apache Tomcat/9.0.68]
29-Oct-2022 22:01:38.682 INFORMACIÓN [main] org.apache.catalina.startup.HostConfig.deployDescriptor Desplieque del descriptor de configuración [C:\Users\Administrador\OneDrive\Documentos\EjercicioWEB\EjercicioWEB-1\Tomcat\apache-tomcat-9.0.68\conf\Catalina\localhost\EjercicioWEB1.xml]
29-Oct-2022 22:01:38.867 ADVERTENCIA [main] org.apache.catalina.startup.HostConfig.deployDescriptor The path attribute with value [/EjercicioWEB1] in deployment descriptor [C:\Users\Administrador\OneDrive\Documentos\EjercicioWEB\EjercicioWEB-1\Tomcat\apache-tomcat-9.0.68\conf\Catalina\localhost\EjercicioWEB1.xml] has been ignored
29-Oct-2022 22:01:39.015 GRAVE [main] org.apache.catalina.startup.HostConfig.deployDescriptor Error durante el despliegue del descriptor de configuración [C:\Users\Administrador\OneDrive\Documentos\EjercicioWEB\EjercicioWEB-1\Tomcat\apache-tomcat-9.0.68\conf\Catalina\localhost\EjercicioWEB1.xml]
	java.lang.IllegalStateException: Error starting child
		at org.apache.catalina.core.ContainerBase.addChildInternal(ContainerBase.java:729)
		at org.apache.catalina.core.ContainerBase.addChild(ContainerBase.java:698)
		at org.apache.catalina.core.StandardHost.addChild(StandardHost.java:696)
		at org.apache.catalina.startup.HostConfig.deployDescriptor(HostConfig.java:690)
		at org.apache.catalina.startup.HostConfig$DeployDescriptor.run(HostConfig.java:1889)
		at java.util.concurrent.Executors$RunnableAdapter.call(Executors.java:511)
		at java.util.concurrent.FutureTask.run(FutureTask.java:266)
		at org.apache.tomcat.util.threads.InlineExecutorService.execute(InlineExecutorService.java:75)
		at java.util.concurrent.AbstractExecutorService.submit(AbstractExecutorService.java:112)
		at org.apache.catalina.startup.HostConfig.deployDescriptors(HostConfig.java:583)
		at org.apache.catalina.startup.HostConfig.deployApps(HostConfig.java:473)
		at org.apache.catalina.startup.HostConfig.start(HostConfig.java:1618)
		at org.apache.catalina.startup.HostConfig.lifecycleEvent(HostConfig.java:319)
		at org.apache.catalina.util.LifecycleBase.fireLifecycleEvent(LifecycleBase.java:123)
		at org.apache.catalina.util.LifecycleBase.setStateInternal(LifecycleBase.java:423)
		at org.apache.catalina.util.LifecycleBase.setState(LifecycleBase.java:366)
		at org.apache.catalina.core.ContainerBase.startInternal(ContainerBase.java:946)
		at org.apache.catalina.core.StandardHost.startInternal(StandardHost.java:835)
		at org.apache.catalina.util.LifecycleBase.start(LifecycleBase.java:183)
		at org.apache.catalina.core.ContainerBase$StartChild.call(ContainerBase.java:1396)
		at org.apache.catalina.core.ContainerBase$StartChild.call(ContainerBase.java:1386)
		at java.util.concurrent.FutureTask.run(FutureTask.java:266)
		at org.apache.tomcat.util.threads.InlineExecutorService.execute(InlineExecutorService.java:75)
		at java.util.concurrent.AbstractExecutorService.submit(AbstractExecutorService.java:134)
		at org.apache.catalina.core.ContainerBase.startInternal(ContainerBase.java:919)
		at org.apache.catalina.core.StandardEngine.startInternal(StandardEngine.java:265)
		at org.apache.catalina.util.LifecycleBase.start(LifecycleBase.java:183)
		at org.apache.catalina.core.StandardService.startInternal(StandardService.java:432)
		at org.apache.catalina.util.LifecycleBase.start(LifecycleBase.java:183)
		at org.apache.catalina.core.StandardServer.startInternal(StandardServer.java:930)
		at org.apache.catalina.util.LifecycleBase.start(LifecycleBase.java:183)
		at org.apache.catalina.startup.Catalina.start(Catalina.java:772)
		at sun.reflect.NativeMethodAccessorImpl.invoke0(Native Method)
		at sun.reflect.NativeMethodAccessorImpl.invoke(NativeMethodAccessorImpl.java:62)
		at sun.reflect.DelegatingMethodAccessorImpl.invoke(DelegatingMethodAccessorImpl.java:43)
		at java.lang.reflect.Method.invoke(Method.java:498)
		at org.apache.catalina.startup.Bootstrap.start(Bootstrap.java:345)
		at org.apache.catalina.startup.Bootstrap.main(Bootstrap.java:476)
	Caused by: org.apache.catalina.LifecycleException: Failed to start component [org.apache.catalina.webresources.StandardRoot@587c290d]
		at org.apache.catalina.util.LifecycleBase.handleSubClassException(LifecycleBase.java:440)
		at org.apache.catalina.util.LifecycleBase.start(LifecycleBase.java:198)
		at org.apache.catalina.core.StandardContext.resourcesStart(StandardContext.java:4886)
		at org.apache.catalina.core.StandardContext.startInternal(StandardContext.java:5024)
		at org.apache.catalina.util.LifecycleBase.start(LifecycleBase.java:183)
		at org.apache.catalina.core.ContainerBase.addChildInternal(ContainerBase.java:726)
		... 37 more
	Caused by: java.lang.IllegalArgumentException: The main resource set specified [C:\Users\Administrador\OneDrive\Documentos\EjercicioWEB\EjercicioWEB-1\target\EjercicioWEB1-1.0-SNAPSHOT] is not valid
		at org.apache.catalina.webresources.StandardRoot.createMainResourceSet(StandardRoot.java:762)
		at org.apache.catalina.webresources.StandardRoot.startInternal(StandardRoot.java:719)
		at org.apache.catalina.util.LifecycleBase.start(LifecycleBase.java:183)
		... 41 more
29-Oct-2022 22:01:39.095 INFORMACIÓN [main] org.apache.catalina.startup.HostConfig.deployDescriptor Deployment of deployment descriptor [C:\Users\Administrador\OneDrive\Documentos\EjercicioWEB\EjercicioWEB-1\Tomcat\apache-tomcat-9.0.68\conf\Catalina\localhost\EjercicioWEB1.xml] has finished in [379] ms
29-Oct-2022 22:01:39.097 INFORMACIÓN [main] org.apache.catalina.startup.HostConfig.deployDirectory Desplegando el directorio [C:\Users\Administrador\OneDrive\Documentos\EjercicioWEB\EjercicioWEB-1\Tomcat\apache-tomcat-9.0.68\webapps\docs] de la aplicación web
29-Oct-2022 22:01:42.944 ADVERTENCIA [main] org.apache.catalina.util.SessionIdGeneratorBase.createSecureRandom Creation of SecureRandom instance for session ID generation using [SHA1PRNG] took [2.468] milliseconds.
29-Oct-2022 22:01:43.070 INFORMACIÓN [main] org.apache.catalina.startup.HostConfig.deployDirectory Deployment of web application directory [C:\Users\Administrador\OneDrive\Documentos\EjercicioWEB\EjercicioWEB-1\Tomcat\apache-tomcat-9.0.68\webapps\docs] has finished in [3.973] ms
29-Oct-2022 22:01:43.071 INFORMACIÓN [main] org.apache.catalina.startup.HostConfig.deployDirectory Desplegando el directorio [C:\Users\Administrador\OneDrive\Documentos\EjercicioWEB\EjercicioWEB-1\Tomcat\apache-tomcat-9.0.68\webapps\examples] de la aplicación web
29-Oct-2022 22:01:44.964 INFORMACIÓN [main] org.apache.catalina.startup.HostConfig.deployDirectory Deployment of web application directory [C:\Users\Administrador\OneDrive\Documentos\EjercicioWEB\EjercicioWEB-1\Tomcat\apache-tomcat-9.0.68\webapps\examples] has finished in [1.893] ms
29-Oct-2022 22:01:44.965 INFORMACIÓN [main] org.apache.catalina.startup.HostConfig.deployDirectory Desplegando el directorio [C:\Users\Administrador\OneDrive\Documentos\EjercicioWEB\EjercicioWEB-1\Tomcat\apache-tomcat-9.0.68\webapps\host-manager] de la aplicación web
29-Oct-2022 22:01:45.152 INFORMACIÓN [main] org.apache.catalina.startup.HostConfig.deployDirectory Deployment of web application directory [C:\Users\Administrador\OneDrive\Documentos\EjercicioWEB\EjercicioWEB-1\Tomcat\apache-tomcat-9.0.68\webapps\host-manager] has finished in [187] ms
29-Oct-2022 22:01:45.153 INFORMACIÓN [main] org.apache.catalina.startup.HostConfig.deployDirectory Desplegando el directorio [C:\Users\Administrador\OneDrive\Documentos\EjercicioWEB\EjercicioWEB-1\Tomcat\apache-tomcat-9.0.68\webapps\manager] de la aplicación web
29-Oct-2022 22:01:45.308 INFORMACIÓN [main] org.apache.catalina.startup.HostConfig.deployDirectory Deployment of web application directory [C:\Users\Administrador\OneDrive\Documentos\EjercicioWEB\EjercicioWEB-1\Tomcat\apache-tomcat-9.0.68\webapps\manager] has finished in [155] ms
29-Oct-2022 22:01:45.316 INFORMACIÓN [main] org.apache.catalina.startup.HostConfig.deployDirectory Desplegando el directorio [C:\Users\Administrador\OneDrive\Documentos\EjercicioWEB\EjercicioWEB-1\Tomcat\apache-tomcat-9.0.68\webapps\ROOT] de la aplicación web
29-Oct-2022 22:01:45.394 INFORMACIÓN [main] org.apache.catalina.startup.HostConfig.deployDirectory Deployment of web application directory [C:\Users\Administrador\OneDrive\Documentos\EjercicioWEB\EjercicioWEB-1\Tomcat\apache-tomcat-9.0.68\webapps\ROOT] has finished in [77] ms
29-Oct-2022 22:01:45.407 INFORMACIÓN [main] org.apache.coyote.AbstractProtocol.start Starting ProtocolHandler ["http-nio-8080"]
29-Oct-2022 22:01:45.588 INFORMACIÓN [main] org.apache.catalina.startup.Catalina.start Server startup in [7201] milliseconds
29-Oct-2022 22:01:54.078 INFORMACIÓN [http-nio-8080-exec-9] org.apache.catalina.startup.HostConfig.undeploy Repliegue (undeploy) de la aplicación web que tiene como trayectoria de contexto [/EjercicioWEB1]
29-Oct-2022 22:01:54.171 INFORMACIÓN [http-nio-8080-exec-5] org.apache.catalina.startup.HostConfig.deployDescriptor Desplieque del descriptor de configuración [C:\Users\Administrador\OneDrive\Documentos\EjercicioWEB\EjercicioWEB-1\Tomcat\apache-tomcat-9.0.68\conf\Catalina\localhost\EjercicioWEB1.xml]
29-Oct-2022 22:01:54.175 ADVERTENCIA [http-nio-8080-exec-5] org.apache.catalina.startup.HostConfig.deployDescriptor The path attribute with value [/EjercicioWEB1] in deployment descriptor [C:\Users\Administrador\OneDrive\Documentos\EjercicioWEB\EjercicioWEB-1\Tomcat\apache-tomcat-9.0.68\conf\Catalina\localhost\EjercicioWEB1.xml] has been ignored
29-Oct-2022 22:01:54.943 INFORMACIÓN [http-nio-8080-exec-5] org.apache.jasper.servlet.TldScanner.scanJars Al menos un JAR, que se ha explorado buscando TLDs, aún no contenía TLDs. Activar historial de depuración para este historiador para una completa lista de los JARs que fueron explorados y de los que nos se halló TLDs. Saltarse JARs no necesarios durante la exploración puede dar lugar a una mejora de tiempo significativa en el arranque y compilación de JSP .
29-Oct-2022 22:01:54.991 INFORMACIÓN [http-nio-8080-exec-5] org.apache.catalina.startup.HostConfig.deployDescriptor Deployment of deployment descriptor [C:\Users\Administrador\OneDrive\Documentos\EjercicioWEB\EjercicioWEB-1\Tomcat\apache-tomcat-9.0.68\conf\Catalina\localhost\EjercicioWEB1.xml] has finished in [823] ms
29-Oct-2022 22:01:54.998 INFORMACIÓN [http-nio-8080-exec-10] org.apache.catalina.util.LifecycleBase.start The start() method was called on component [StandardEngine[Catalina].StandardHost[localhost].StandardContext[/EjercicioWEB1]] after start() had already been called. The second call will be ignored.
29-Oct-2022 22:06:48.548 INFORMACIÓN [http-nio-8080-exec-11] org.apache.catalina.core.StandardContext.reload Ha comenzado la recarga de Contexto [/EjercicioWEB1]
29-Oct-2022 22:06:48.604 ADVERTENCIA [http-nio-8080-exec-11] org.apache.catalina.loader.WebappClassLoaderBase.clearReferencesJdbc La aplicación web [EjercicioWEB1] registró el conductor JDBC [org.postgresql.Driver] pero falló al anular el registro mientras la aplicación web estaba parada. Para prevenir un fallo de memoria, se ha anulado el registro del conductor JDBC por la fuerza.
29-Oct-2022 22:06:49.332 INFORMACIÓN [http-nio-8080-exec-11] org.apache.jasper.servlet.TldScanner.scanJars Al menos un JAR, que se ha explorado buscando TLDs, aún no contenía TLDs. Activar historial de depuración para este historiador para una completa lista de los JARs que fueron explorados y de los que nos se halló TLDs. Saltarse JARs no necesarios durante la exploración puede dar lugar a una mejora de tiempo significativa en el arranque y compilación de JSP .
29-Oct-2022 22:06:49.391 INFORMACIÓN [http-nio-8080-exec-11] org.apache.catalina.core.StandardContext.reload Se ha completado la recarga de este Contexto
29-Oct-2022 22:07:08.461 INFORMACIÓN [http-nio-8080-exec-15] org.apache.catalina.startup.HostConfig.undeploy Repliegue (undeploy) de la aplicación web que tiene como trayectoria de contexto [/EjercicioWEB1]
29-Oct-2022 22:07:08.534 INFORMACIÓN [http-nio-8080-exec-20] org.apache.catalina.startup.HostConfig.deployDescriptor Desplieque del descriptor de configuración [C:\Users\Administrador\OneDrive\Documentos\EjercicioWEB\EjercicioWEB-1\Tomcat\apache-tomcat-9.0.68\conf\Catalina\localhost\EjercicioWEB1.xml]
29-Oct-2022 22:07:08.536 ADVERTENCIA [http-nio-8080-exec-20] org.apache.catalina.startup.HostConfig.deployDescriptor The path attribute with value [/EjercicioWEB1] in deployment descriptor [C:\Users\Administrador\OneDrive\Documentos\EjercicioWEB\EjercicioWEB-1\Tomcat\apache-tomcat-9.0.68\conf\Catalina\localhost\EjercicioWEB1.xml] has been ignored
29-Oct-2022 22:07:09.111 INFORMACIÓN [http-nio-8080-exec-20] org.apache.jasper.servlet.TldScanner.scanJars Al menos un JAR, que se ha explorado buscando TLDs, aún no contenía TLDs. Activar historial de depuración para este historiador para una completa lista de los JARs que fueron explorados y de los que nos se halló TLDs. Saltarse JARs no necesarios durante la exploración puede dar lugar a una mejora de tiempo significativa en el arranque y compilación de JSP .
29-Oct-2022 22:07:09.119 INFORMACIÓN [http-nio-8080-exec-20] org.apache.catalina.startup.HostConfig.deployDescriptor Deployment of deployment descriptor [C:\Users\Administrador\OneDrive\Documentos\EjercicioWEB\EjercicioWEB-1\Tomcat\apache-tomcat-9.0.68\conf\Catalina\localhost\EjercicioWEB1.xml] has finished in [584] ms
29-Oct-2022 22:07:09.125 INFORMACIÓN [http-nio-8080-exec-14] org.apache.catalina.util.LifecycleBase.start The start() method was called on component [StandardEngine[Catalina].StandardHost[localhost].StandardContext[/EjercicioWEB1]] after start() had already been called. The second call will be ignored.
29-Oct-2022 22:17:16.861 ADVERTENCIA [http-nio-8080-exec-24] org.apache.catalina.loader.WebappClassLoaderBase.clearReferencesJdbc La aplicación web [EjercicioWEB1] registró el conductor JDBC [org.postgresql.Driver] pero falló al anular el registro mientras la aplicación web estaba parada. Para prevenir un fallo de memoria, se ha anulado el registro del conductor JDBC por la fuerza.
29-Oct-2022 22:17:17.372 INFORMACIÓN [http-nio-8080-exec-24] org.apache.catalina.startup.HostConfig.undeploy Repliegue (undeploy) de la aplicación web que tiene como trayectoria de contexto [/EjercicioWEB1]
29-Oct-2022 22:17:17.414 INFORMACIÓN [http-nio-8080-exec-33] org.apache.catalina.startup.HostConfig.deployDescriptor Desplieque del descriptor de configuración [C:\Users\Administrador\OneDrive\Documentos\EjercicioWEB\EjercicioWEB-1\Tomcat\apache-tomcat-9.0.68\conf\Catalina\localhost\EjercicioWEB1.xml]
29-Oct-2022 22:17:17.415 ADVERTENCIA [http-nio-8080-exec-33] org.apache.catalina.startup.HostConfig.deployDescriptor The path attribute with value [/EjercicioWEB1] in deployment descriptor [C:\Users\Administrador\OneDrive\Documentos\EjercicioWEB\EjercicioWEB-1\Tomcat\apache-tomcat-9.0.68\conf\Catalina\localhost\EjercicioWEB1.xml] has been ignored
29-Oct-2022 22:17:17.850 INFORMACIÓN [http-nio-8080-exec-33] org.apache.jasper.servlet.TldScanner.scanJars Al menos un JAR, que se ha explorado buscando TLDs, aún no contenía TLDs. Activar historial de depuración para este historiador para una completa lista de los JARs que fueron explorados y de los que nos se halló TLDs. Saltarse JARs no necesarios durante la exploración puede dar lugar a una mejora de tiempo significativa en el arranque y compilación de JSP .
29-Oct-2022 22:17:17.856 INFORMACIÓN [http-nio-8080-exec-33] org.apache.catalina.startup.HostConfig.deployDescriptor Deployment of deployment descriptor [C:\Users\Administrador\OneDrive\Documentos\EjercicioWEB\EjercicioWEB-1\Tomcat\apache-tomcat-9.0.68\conf\Catalina\localhost\EjercicioWEB1.xml] has finished in [442] ms
29-Oct-2022 22:17:17.862 INFORMACIÓN [http-nio-8080-exec-23] org.apache.catalina.util.LifecycleBase.start The start() method was called on component [StandardEngine[Catalina].StandardHost[localhost].StandardContext[/EjercicioWEB1]] after start() had already been called. The second call will be ignored.
